2023-03-05 17:33:16,855 INFO o.a.j.u.JMeterUtils: Setting Locale to en_EN
2023-03-05 17:33:16,894 INFO o.a.j.JMeter: Loading user properties from: /Users/urijglusenkov/Downloads/apache-jmeter-5.5/bin/user.properties
2023-03-05 17:33:16,895 INFO o.a.j.JMeter: Loading system properties from: /Users/urijglusenkov/Downloads/apache-jmeter-5.5/bin/system.properties
2023-03-05 17:33:16,905 INFO o.a.j.JMeter: Copyright (c) 1998-2022 The Apache Software Foundation
2023-03-05 17:33:16,905 INFO o.a.j.JMeter: Version 5.5
2023-03-05 17:33:16,906 INFO o.a.j.JMeter: java.version=11.0.6
2023-03-05 17:33:16,906 INFO o.a.j.JMeter: java.vm.name=Java HotSpot(TM) 64-Bit Server VM
2023-03-05 17:33:16,906 INFO o.a.j.JMeter: os.name=Mac OS X
2023-03-05 17:33:16,906 INFO o.a.j.JMeter: os.arch=x86_64
2023-03-05 17:33:16,906 INFO o.a.j.JMeter: os.version=10.16
2023-03-05 17:33:16,906 INFO o.a.j.JMeter: file.encoding=UTF-8
2023-03-05 17:33:16,906 INFO o.a.j.JMeter: java.awt.headless=null
2023-03-05 17:33:16,906 INFO o.a.j.JMeter: Max memory     =1073741824
2023-03-05 17:33:16,907 INFO o.a.j.JMeter: Available Processors =4
2023-03-05 17:33:16,918 INFO o.a.j.JMeter: Default Locale=English (EN)
2023-03-05 17:33:16,918 INFO o.a.j.JMeter: JMeter  Locale=English (EN)
2023-03-05 17:33:16,919 INFO o.a.j.JMeter: JMeterHome=/Users/urijglusenkov/Downloads/apache-jmeter-5.5
2023-03-05 17:33:16,919 INFO o.a.j.JMeter: user.dir  =/Users/urijglusenkov/InteliJ/reserach_paper_optimization/src/main/java/example/proto
2023-03-05 17:33:16,919 INFO o.a.j.JMeter: PWD       =/Users/urijglusenkov/InteliJ/reserach_paper_optimization/src/main/java/example/proto
2023-03-05 17:33:16,963 INFO o.a.j.JMeter: IP: 10.5.1.195 Name: MacBook-Pro-Urij.local FullName: 10.5.1.195
2023-03-05 17:33:16,984 INFO o.a.j.JMeter: Loaded icon properties from org/apache/jmeter/images/icon.properties
2023-03-05 17:33:17,692 INFO o.a.j.JMeterGuiLauncher: Setting LAF to: com.github.weisj.darklaf.DarkLaf:com.github.weisj.darklaf.theme.DarculaTheme
2023-03-05 17:33:28,584 INFO o.a.j.s.FileServer: Default base='/Users/urijglusenkov/InteliJ/reserach_paper_optimization/src/main/java/example/proto'
2023-03-05 17:33:28,590 INFO o.a.j.g.a.Load: Loading file: /Users/urijglusenkov/InteliJ/reserach_paper_optimization/states_meter.jmx
2023-03-05 17:33:28,590 INFO o.a.j.s.FileServer: Set new base='/Users/urijglusenkov/InteliJ/reserach_paper_optimization'
2023-03-05 17:33:28,845 INFO o.a.j.s.SaveService: Testplan (JMX) version: 2.2. Testlog (JTL) version: 2.2
2023-03-05 17:33:28,881 INFO o.a.j.s.SaveService: Using SaveService properties version 5.0
2023-03-05 17:33:28,883 INFO o.a.j.s.SaveService: Using SaveService properties file encoding UTF-8
2023-03-05 17:33:28,885 INFO o.a.j.s.SaveService: Loading file: /Users/urijglusenkov/InteliJ/reserach_paper_optimization/states_meter.jmx
2023-03-05 17:33:28,924 INFO o.a.j.p.h.s.HTTPSamplerBase: Parser for text/html is org.apache.jmeter.protocol.http.parser.LagartoBasedHtmlParser
2023-03-05 17:33:28,924 INFO o.a.j.p.h.s.HTTPSamplerBase: Parser for application/xhtml+xml is org.apache.jmeter.protocol.http.parser.LagartoBasedHtmlParser
2023-03-05 17:33:28,924 INFO o.a.j.p.h.s.HTTPSamplerBase: Parser for application/xml is org.apache.jmeter.protocol.http.parser.LagartoBasedHtmlParser
2023-03-05 17:33:28,924 INFO o.a.j.p.h.s.HTTPSamplerBase: Parser for text/xml is org.apache.jmeter.protocol.http.parser.LagartoBasedHtmlParser
2023-03-05 17:33:28,924 INFO o.a.j.p.h.s.HTTPSamplerBase: Parser for text/vnd.wap.wml is org.apache.jmeter.protocol.http.parser.RegexpHTMLParser
2023-03-05 17:33:28,925 INFO o.a.j.p.h.s.HTTPSamplerBase: Parser for text/css is org.apache.jmeter.protocol.http.parser.CssParser
2023-03-05 17:33:29,194 INFO o.a.j.s.SampleResult: Note: Sample TimeStamps are START times
2023-03-05 17:33:29,194 INFO o.a.j.s.SampleResult: sampleresult.default.encoding is set to ISO-8859-1
2023-03-05 17:33:29,194 INFO o.a.j.s.SampleResult: sampleresult.useNanoTime=true
2023-03-05 17:33:29,194 INFO o.a.j.s.SampleResult: sampleresult.nanoThreadSleep=5000
2023-03-05 17:33:29,512 INFO o.a.j.v.ViewResultsFullVisualizer: Add JavaFX to your Java installation if you want to use renderer: org.apache.jmeter.visualizers.RenderInBrowser
2023-03-05 17:33:29,661 INFO o.a.j.s.FileServer: Set new base='/Users/urijglusenkov/InteliJ/reserach_paper_optimization'
2023-03-05 17:33:38,882 INFO o.a.j.v.ViewResultsFullVisualizer: Add JavaFX to your Java installation if you want to use renderer: org.apache.jmeter.visualizers.RenderInBrowser
2023-03-05 17:33:47,377 INFO o.a.j.e.StandardJMeterEngine: Running the test!
2023-03-05 17:33:47,379 INFO o.a.j.s.SampleEvent: List of sample_variables: []
2023-03-05 17:33:47,379 INFO o.a.j.s.SampleEvent: List of sample_variables: []
2023-03-05 17:33:47,386 INFO o.a.j.e.u.CompoundVariable: Note: Function class names must contain the string: '.functions.'
2023-03-05 17:33:47,386 INFO o.a.j.e.u.CompoundVariable: Note: Function class names must not contain the string: '.gui.'
2023-03-05 17:33:47,901 INFO o.a.j.g.u.JMeterMenuBar: setRunning(true, *local*)
2023-03-05 17:33:47,976 INFO o.a.j.e.StandardJMeterEngine: Starting ThreadGroup: 1 : States def
2023-03-05 17:33:47,977 INFO o.a.j.e.StandardJMeterEngine: Starting 1 threads for group States def.
2023-03-05 17:33:47,978 INFO o.a.j.e.StandardJMeterEngine: Thread will continue on error
2023-03-05 17:33:47,981 INFO o.a.j.t.ThreadGroup: Starting thread group... number=1 threads=1 ramp-up=1 delayedStart=false
2023-03-05 17:33:47,996 INFO o.a.j.t.ThreadGroup: Started thread group number 1
2023-03-05 17:33:47,998 INFO o.a.j.e.StandardJMeterEngine: All thread groups have been started
2023-03-05 17:33:47,999 INFO o.a.j.t.JMeterThread: Thread started: States def 1-1
2023-03-05 17:33:48,037 INFO o.a.j.p.h.s.HTTPHCAbstractImpl: Local host = MacBook-Pro-Urij.local
2023-03-05 17:33:48,055 INFO o.a.j.p.h.s.HTTPHC4Impl: HTTP request retry count = 0
2023-03-05 17:34:26,593 INFO o.a.j.t.JMeterThread: Thread is done: States def 1-1
2023-03-05 17:34:26,596 INFO o.a.j.t.JMeterThread: Thread finished: States def 1-1
2023-03-05 17:34:26,606 INFO o.a.j.e.StandardJMeterEngine: Notifying test listeners of end of test
2023-03-05 17:34:26,608 INFO o.a.j.g.u.JMeterMenuBar: setRunning(false, *local*)
2023-03-05 17:35:14,818 INFO o.a.j.e.StandardJMeterEngine: Running the test!
2023-03-05 17:35:14,835 INFO o.a.j.s.SampleEvent: List of sample_variables: []
2023-03-05 17:35:14,849 INFO o.a.j.g.u.JMeterMenuBar: setRunning(true, *local*)
2023-03-05 17:35:14,988 INFO o.a.j.e.StandardJMeterEngine: Starting ThreadGroup: 1 : States def
2023-03-05 17:35:14,988 INFO o.a.j.e.StandardJMeterEngine: Starting 1 threads for group States def.
2023-03-05 17:35:14,988 INFO o.a.j.e.StandardJMeterEngine: Thread will continue on error
2023-03-05 17:35:14,989 INFO o.a.j.t.ThreadGroup: Starting thread group... number=1 threads=1 ramp-up=1 delayedStart=false
2023-03-05 17:35:14,995 INFO o.a.j.t.JMeterThread: Thread started: States def 1-1
2023-03-05 17:35:14,990 INFO o.a.j.t.ThreadGroup: Started thread group number 1
2023-03-05 17:35:14,996 INFO o.a.j.e.StandardJMeterEngine: All thread groups have been started
2023-03-05 17:35:44,940 INFO o.a.j.t.JMeterThread: Thread is done: States def 1-1
2023-03-05 17:35:44,941 INFO o.a.j.t.JMeterThread: Thread finished: States def 1-1
2023-03-05 17:35:44,942 INFO o.a.j.e.StandardJMeterEngine: Notifying test listeners of end of test
2023-03-05 17:35:44,943 INFO o.a.j.g.u.JMeterMenuBar: setRunning(false, *local*)
2023-03-05 17:37:54,647 INFO o.a.j.e.StandardJMeterEngine: Running the test!
2023-03-05 17:37:54,654 INFO o.a.j.s.SampleEvent: List of sample_variables: []
2023-03-05 17:37:54,666 INFO o.a.j.g.u.JMeterMenuBar: setRunning(true, *local*)
2023-03-05 17:37:54,896 INFO o.a.j.e.StandardJMeterEngine: Starting ThreadGroup: 1 : States gzip
2023-03-05 17:37:54,896 INFO o.a.j.e.StandardJMeterEngine: Starting 1 threads for group States gzip.
2023-03-05 17:37:54,897 INFO o.a.j.e.StandardJMeterEngine: Thread will continue on error
2023-03-05 17:37:54,897 INFO o.a.j.t.ThreadGroup: Starting thread group... number=1 threads=1 ramp-up=1 delayedStart=false
2023-03-05 17:37:54,898 INFO o.a.j.t.ThreadGroup: Started thread group number 1
2023-03-05 17:37:54,899 INFO o.a.j.e.StandardJMeterEngine: All thread groups have been started
2023-03-05 17:37:54,901 INFO o.a.j.t.JMeterThread: Thread started: States gzip 1-1
2023-03-05 17:38:36,705 INFO o.a.j.t.JMeterThread: Thread is done: States gzip 1-1
2023-03-05 17:38:36,707 INFO o.a.j.t.JMeterThread: Thread finished: States gzip 1-1
2023-03-05 17:38:36,709 INFO o.a.j.e.StandardJMeterEngine: Notifying test listeners of end of test
2023-03-05 17:38:36,710 INFO o.a.j.g.u.JMeterMenuBar: setRunning(false, *local*)
2023-03-05 17:39:45,219 INFO o.a.j.e.StandardJMeterEngine: Running the test!
2023-03-05 17:39:45,220 INFO o.a.j.s.SampleEvent: List of sample_variables: []
2023-03-05 17:39:45,224 INFO o.a.j.g.u.JMeterMenuBar: setRunning(true, *local*)
2023-03-05 17:39:45,336 INFO o.a.j.e.StandardJMeterEngine: Starting ThreadGroup: 1 : States gzip
2023-03-05 17:39:45,336 INFO o.a.j.e.StandardJMeterEngine: Starting 1 threads for group States gzip.
2023-03-05 17:39:45,336 INFO o.a.j.e.StandardJMeterEngine: Thread will continue on error
2023-03-05 17:39:45,337 INFO o.a.j.t.ThreadGroup: Starting thread group... number=1 threads=1 ramp-up=1 delayedStart=false
2023-03-05 17:39:45,338 INFO o.a.j.t.ThreadGroup: Started thread group number 1
2023-03-05 17:39:45,338 INFO o.a.j.e.StandardJMeterEngine: All thread groups have been started
2023-03-05 17:39:45,343 INFO o.a.j.t.JMeterThread: Thread started: States gzip 1-1
2023-03-05 17:40:12,248 INFO o.a.j.t.JMeterThread: Thread is done: States gzip 1-1
2023-03-05 17:40:12,251 INFO o.a.j.t.JMeterThread: Thread finished: States gzip 1-1
2023-03-05 17:40:12,253 INFO o.a.j.e.StandardJMeterEngine: Notifying test listeners of end of test
2023-03-05 17:40:12,253 INFO o.a.j.g.u.JMeterMenuBar: setRunning(false, *local*)
2023-03-05 17:40:33,864 INFO o.a.j.e.StandardJMeterEngine: Running the test!
2023-03-05 17:40:33,865 INFO o.a.j.s.SampleEvent: List of sample_variables: []
2023-03-05 17:40:33,885 INFO o.a.j.g.u.JMeterMenuBar: setRunning(true, *local*)
2023-03-05 17:40:33,963 INFO o.a.j.e.StandardJMeterEngine: Starting ThreadGroup: 1 : States def
2023-03-05 17:40:33,963 INFO o.a.j.e.StandardJMeterEngine: Starting 1 threads for group States def.
2023-03-05 17:40:33,964 INFO o.a.j.e.StandardJMeterEngine: Thread will continue on error
2023-03-05 17:40:33,964 INFO o.a.j.t.ThreadGroup: Starting thread group... number=1 threads=1 ramp-up=1 delayedStart=false
2023-03-05 17:40:33,967 INFO o.a.j.t.ThreadGroup: Started thread group number 1
2023-03-05 17:40:33,967 INFO o.a.j.e.StandardJMeterEngine: Starting ThreadGroup: 2 : States gzip
2023-03-05 17:40:33,967 INFO o.a.j.e.StandardJMeterEngine: Starting 1 threads for group States gzip.
2023-03-05 17:40:33,968 INFO o.a.j.e.StandardJMeterEngine: Thread will continue on error
2023-03-05 17:40:33,968 INFO o.a.j.t.ThreadGroup: Starting thread group... number=2 threads=1 ramp-up=1 delayedStart=false
2023-03-05 17:40:33,969 INFO o.a.j.t.ThreadGroup: Started thread group number 2
2023-03-05 17:40:33,969 INFO o.a.j.e.StandardJMeterEngine: All thread groups have been started
2023-03-05 17:40:33,970 INFO o.a.j.t.JMeterThread: Thread started: States gzip 2-1
2023-03-05 17:40:33,971 INFO o.a.j.t.JMeterThread: Thread started: States def 1-1
2023-03-05 17:41:17,067 INFO o.a.j.t.JMeterThread: Thread is done: States gzip 2-1
2023-03-05 17:41:17,068 INFO o.a.j.t.JMeterThread: Thread finished: States gzip 2-1
2023-03-05 17:41:17,281 INFO o.a.j.t.JMeterThread: Thread is done: States def 1-1
2023-03-05 17:41:17,281 INFO o.a.j.t.JMeterThread: Thread finished: States def 1-1
2023-03-05 17:41:17,282 INFO o.a.j.e.StandardJMeterEngine: Notifying test listeners of end of test
2023-03-05 17:41:17,282 INFO o.a.j.g.u.JMeterMenuBar: setRunning(false, *local*)
2023-03-05 17:42:18,183 INFO o.a.j.e.StandardJMeterEngine: Running the test!
2023-03-05 17:42:18,187 INFO o.a.j.s.SampleEvent: List of sample_variables: []
2023-03-05 17:42:18,204 INFO o.a.j.g.u.JMeterMenuBar: setRunning(true, *local*)
2023-03-05 17:42:18,318 INFO o.a.j.e.StandardJMeterEngine: Starting ThreadGroup: 1 : States def
2023-03-05 17:42:18,319 INFO o.a.j.e.StandardJMeterEngine: Starting 1 threads for group States def.
2023-03-05 17:42:18,319 INFO o.a.j.e.StandardJMeterEngine: Thread will continue on error
2023-03-05 17:42:18,322 INFO o.a.j.t.ThreadGroup: Starting thread group... number=1 threads=1 ramp-up=1 delayedStart=false
2023-03-05 17:42:18,324 INFO o.a.j.t.ThreadGroup: Started thread group number 1
2023-03-05 17:42:18,325 INFO o.a.j.e.StandardJMeterEngine: All thread groups have been started
2023-03-05 17:42:18,329 INFO o.a.j.t.JMeterThread: Thread started: States def 1-1
2023-03-05 17:42:24,908 INFO o.a.j.t.JMeterThread: Thread is done: States def 1-1
2023-03-05 17:42:24,910 INFO o.a.j.t.JMeterThread: Thread finished: States def 1-1
2023-03-05 17:42:24,911 INFO o.a.j.e.StandardJMeterEngine: Notifying test listeners of end of test
2023-03-05 17:42:24,911 INFO o.a.j.g.u.JMeterMenuBar: setRunning(false, *local*)
2023-03-05 17:43:24,019 INFO o.a.j.v.ViewResultsFullVisualizer: Add JavaFX to your Java installation if you want to use renderer: org.apache.jmeter.visualizers.RenderInBrowser
2023-03-05 17:43:37,884 INFO o.a.j.e.StandardJMeterEngine: Running the test!
2023-03-05 17:43:37,885 INFO o.a.j.s.SampleEvent: List of sample_variables: []
2023-03-05 17:43:37,891 INFO o.a.j.g.u.JMeterMenuBar: setRunning(true, *local*)
2023-03-05 17:43:38,016 INFO o.a.j.e.StandardJMeterEngine: Starting ThreadGroup: 1 : States def
2023-03-05 17:43:38,017 INFO o.a.j.e.StandardJMeterEngine: Starting 1 threads for group States def.
2023-03-05 17:43:38,018 INFO o.a.j.e.StandardJMeterEngine: Thread will continue on error
2023-03-05 17:43:38,019 INFO o.a.j.t.ThreadGroup: Starting thread group... number=1 threads=1 ramp-up=1 delayedStart=false
2023-03-05 17:43:38,023 INFO o.a.j.t.ThreadGroup: Started thread group number 1
2023-03-05 17:43:38,024 INFO o.a.j.e.StandardJMeterEngine: All thread groups have been started
2023-03-05 17:43:38,026 INFO o.a.j.t.JMeterThread: Thread started: States def 1-1
2023-03-05 17:43:38,298 INFO o.a.j.t.JMeterThread: Thread is done: States def 1-1
2023-03-05 17:43:38,299 INFO o.a.j.t.JMeterThread: Thread finished: States def 1-1
2023-03-05 17:43:38,301 INFO o.a.j.e.StandardJMeterEngine: Notifying test listeners of end of test
2023-03-05 17:43:38,303 INFO o.a.j.g.u.JMeterMenuBar: setRunning(false, *local*)
2023-03-05 17:45:38,987 INFO o.a.j.e.StandardJMeterEngine: Running the test!
2023-03-05 17:45:38,996 INFO o.a.j.s.SampleEvent: List of sample_variables: []
2023-03-05 17:45:39,006 INFO o.a.j.g.u.JMeterMenuBar: setRunning(true, *local*)
2023-03-05 17:45:39,152 INFO o.a.j.e.StandardJMeterEngine: Starting ThreadGroup: 1 : States def
2023-03-05 17:45:39,152 INFO o.a.j.e.StandardJMeterEngine: Starting 1 threads for group States def.
2023-03-05 17:45:39,153 INFO o.a.j.e.StandardJMeterEngine: Thread will continue on error
2023-03-05 17:45:39,154 INFO o.a.j.t.ThreadGroup: Starting thread group... number=1 threads=1 ramp-up=1 delayedStart=false
2023-03-05 17:45:39,162 INFO o.a.j.t.ThreadGroup: Started thread group number 1
2023-03-05 17:45:39,169 INFO o.a.j.e.StandardJMeterEngine: All thread groups have been started
2023-03-05 17:45:39,171 INFO o.a.j.t.JMeterThread: Thread started: States def 1-1
2023-03-05 17:45:39,228 INFO o.a.j.t.JMeterThread: Thread is done: States def 1-1
2023-03-05 17:45:39,229 INFO o.a.j.t.JMeterThread: Thread finished: States def 1-1
2023-03-05 17:45:39,229 INFO o.a.j.e.StandardJMeterEngine: Notifying test listeners of end of test
2023-03-05 17:45:39,231 INFO o.a.j.g.u.JMeterMenuBar: setRunning(false, *local*)
2023-03-05 17:45:50,529 INFO o.a.j.e.StandardJMeterEngine: Running the test!
2023-03-05 17:45:50,530 INFO o.a.j.s.SampleEvent: List of sample_variables: []
2023-03-05 17:45:50,532 INFO o.a.j.g.u.JMeterMenuBar: setRunning(true, *local*)
2023-03-05 17:45:50,588 INFO o.a.j.e.StandardJMeterEngine: Starting ThreadGroup: 1 : States def
2023-03-05 17:45:50,588 INFO o.a.j.e.StandardJMeterEngine: Starting 1 threads for group States def.
2023-03-05 17:45:50,588 INFO o.a.j.e.StandardJMeterEngine: Thread will continue on error
2023-03-05 17:45:50,588 INFO o.a.j.t.ThreadGroup: Starting thread group... number=1 threads=1 ramp-up=1 delayedStart=false
2023-03-05 17:45:50,589 INFO o.a.j.t.ThreadGroup: Started thread group number 1
2023-03-05 17:45:50,590 INFO o.a.j.e.StandardJMeterEngine: All thread groups have been started
2023-03-05 17:45:50,591 INFO o.a.j.t.JMeterThread: Thread started: States def 1-1
2023-03-05 17:45:50,648 INFO o.a.j.t.JMeterThread: Thread is done: States def 1-1
2023-03-05 17:45:50,648 INFO o.a.j.t.JMeterThread: Thread finished: States def 1-1
2023-03-05 17:45:50,649 INFO o.a.j.e.StandardJMeterEngine: Notifying test listeners of end of test
2023-03-05 17:45:50,649 INFO o.a.j.g.u.JMeterMenuBar: setRunning(false, *local*)
2023-03-05 17:46:41,208 INFO o.a.j.v.ViewResultsFullVisualizer: Add JavaFX to your Java installation if you want to use renderer: org.apache.jmeter.visualizers.RenderInBrowser
2023-03-05 17:48:25,395 INFO o.a.j.e.StandardJMeterEngine: Running the test!
2023-03-05 17:48:25,397 INFO o.a.j.s.SampleEvent: List of sample_variables: []
2023-03-05 17:48:25,404 INFO o.a.j.g.u.JMeterMenuBar: setRunning(true, *local*)
2023-03-05 17:48:25,493 INFO o.a.j.e.StandardJMeterEngine: Starting ThreadGroup: 1 : States gzip
2023-03-05 17:48:25,493 INFO o.a.j.e.StandardJMeterEngine: Starting 1 threads for group States gzip.
2023-03-05 17:48:25,494 INFO o.a.j.e.StandardJMeterEngine: Thread will continue on error
2023-03-05 17:48:25,494 INFO o.a.j.t.ThreadGroup: Starting thread group... number=1 threads=1 ramp-up=1 delayedStart=false
2023-03-05 17:48:25,495 INFO o.a.j.t.ThreadGroup: Started thread group number 1
2023-03-05 17:48:25,497 INFO o.a.j.t.JMeterThread: Thread started: States gzip 1-1
2023-03-05 17:48:25,497 INFO o.a.j.e.StandardJMeterEngine: All thread groups have been started
2023-03-05 17:48:25,554 INFO o.a.j.t.JMeterThread: Thread is done: States gzip 1-1
2023-03-05 17:48:25,554 INFO o.a.j.t.JMeterThread: Thread finished: States gzip 1-1
2023-03-05 17:48:25,556 INFO o.a.j.e.StandardJMeterEngine: Notifying test listeners of end of test
2023-03-05 17:48:25,556 INFO o.a.j.g.u.JMeterMenuBar: setRunning(false, *local*)
2023-03-05 17:49:34,706 INFO o.a.j.e.StandardJMeterEngine: Running the test!
2023-03-05 17:49:34,716 INFO o.a.j.s.SampleEvent: List of sample_variables: []
2023-03-05 17:49:34,728 INFO o.a.j.g.u.JMeterMenuBar: setRunning(true, *local*)
2023-03-05 17:49:34,884 INFO o.a.j.e.StandardJMeterEngine: Starting ThreadGroup: 1 : States gzip
2023-03-05 17:49:34,884 INFO o.a.j.e.StandardJMeterEngine: Starting 1 threads for group States gzip.
2023-03-05 17:49:34,884 INFO o.a.j.e.StandardJMeterEngine: Thread will continue on error
2023-03-05 17:49:34,885 INFO o.a.j.t.ThreadGroup: Starting thread group... number=1 threads=1 ramp-up=1 delayedStart=false
2023-03-05 17:49:34,887 INFO o.a.j.t.ThreadGroup: Started thread group number 1
2023-03-05 17:49:34,888 INFO o.a.j.e.StandardJMeterEngine: All thread groups have been started
2023-03-05 17:49:34,893 INFO o.a.j.t.JMeterThread: Thread started: States gzip 1-1
2023-03-05 17:49:35,160 INFO o.a.j.t.JMeterThread: Thread is done: States gzip 1-1
2023-03-05 17:49:35,160 INFO o.a.j.t.JMeterThread: Thread finished: States gzip 1-1
2023-03-05 17:49:35,161 INFO o.a.j.e.StandardJMeterEngine: Notifying test listeners of end of test
2023-03-05 17:49:35,161 INFO o.a.j.g.u.JMeterMenuBar: setRunning(false, *local*)
2023-03-05 17:50:39,239 INFO o.a.j.e.StandardJMeterEngine: Running the test!
2023-03-05 17:50:39,240 INFO o.a.j.s.SampleEvent: List of sample_variables: []
2023-03-05 17:50:39,244 INFO o.a.j.g.u.JMeterMenuBar: setRunning(true, *local*)
2023-03-05 17:50:39,321 INFO o.a.j.e.StandardJMeterEngine: Starting ThreadGroup: 1 : States def
2023-03-05 17:50:39,324 INFO o.a.j.e.StandardJMeterEngine: Starting 1 threads for group States def.
2023-03-05 17:50:39,325 INFO o.a.j.e.StandardJMeterEngine: Thread will continue on error
2023-03-05 17:50:39,326 INFO o.a.j.t.ThreadGroup: Starting thread group... number=1 threads=1 ramp-up=1 delayedStart=false
2023-03-05 17:50:39,331 INFO o.a.j.t.ThreadGroup: Started thread group number 1
2023-03-05 17:50:39,331 INFO o.a.j.e.StandardJMeterEngine: All thread groups have been started
2023-03-05 17:50:39,333 INFO o.a.j.t.JMeterThread: Thread started: States def 1-1
2023-03-05 17:50:44,931 INFO o.a.j.t.JMeterThread: Thread is done: States def 1-1
2023-03-05 17:50:44,932 INFO o.a.j.t.JMeterThread: Thread finished: States def 1-1
2023-03-05 17:50:44,933 INFO o.a.j.e.StandardJMeterEngine: Notifying test listeners of end of test
2023-03-05 17:50:44,933 INFO o.a.j.g.u.JMeterMenuBar: setRunning(false, *local*)
2023-03-05 17:51:33,059 INFO o.a.j.e.StandardJMeterEngine: Running the test!
2023-03-05 17:51:33,068 INFO o.a.j.s.SampleEvent: List of sample_variables: []
2023-03-05 17:51:33,088 INFO o.a.j.g.u.JMeterMenuBar: setRunning(true, *local*)
2023-03-05 17:51:33,532 INFO o.a.j.e.StandardJMeterEngine: Starting ThreadGroup: 1 : States gzip
2023-03-05 17:51:33,532 INFO o.a.j.e.StandardJMeterEngine: Starting 1 threads for group States gzip.
2023-03-05 17:51:33,533 INFO o.a.j.e.StandardJMeterEngine: Thread will continue on error
2023-03-05 17:51:33,534 INFO o.a.j.t.ThreadGroup: Starting thread group... number=1 threads=1 ramp-up=1 delayedStart=false
2023-03-05 17:51:33,538 INFO o.a.j.t.ThreadGroup: Started thread group number 1
2023-03-05 17:51:33,538 INFO o.a.j.e.StandardJMeterEngine: All thread groups have been started
2023-03-05 17:51:33,542 INFO o.a.j.t.JMeterThread: Thread started: States gzip 1-1
2023-03-05 17:51:40,484 INFO o.a.j.t.JMeterThread: Thread is done: States gzip 1-1
2023-03-05 17:51:40,485 INFO o.a.j.t.JMeterThread: Thread finished: States gzip 1-1
2023-03-05 17:51:40,485 INFO o.a.j.e.StandardJMeterEngine: Notifying test listeners of end of test
2023-03-05 17:51:40,485 INFO o.a.j.g.u.JMeterMenuBar: setRunning(false, *local*)
2023-03-05 17:51:54,795 INFO o.a.j.e.StandardJMeterEngine: Running the test!
2023-03-05 17:51:54,796 INFO o.a.j.s.SampleEvent: List of sample_variables: []
2023-03-05 17:51:54,798 INFO o.a.j.g.u.JMeterMenuBar: setRunning(true, *local*)
2023-03-05 17:51:54,861 INFO o.a.j.e.StandardJMeterEngine: Starting ThreadGroup: 1 : States gzip
2023-03-05 17:51:54,862 INFO o.a.j.e.StandardJMeterEngine: Starting 1 threads for group States gzip.
2023-03-05 17:51:54,862 INFO o.a.j.e.StandardJMeterEngine: Thread will continue on error
2023-03-05 17:51:54,864 INFO o.a.j.t.ThreadGroup: Starting thread group... number=1 threads=1 ramp-up=1 delayedStart=false
2023-03-05 17:51:54,865 INFO o.a.j.t.ThreadGroup: Started thread group number 1
2023-03-05 17:51:54,865 INFO o.a.j.e.StandardJMeterEngine: All thread groups have been started
2023-03-05 17:51:54,868 INFO o.a.j.t.JMeterThread: Thread started: States gzip 1-1
2023-03-05 17:52:25,388 INFO o.a.j.t.JMeterThread: Thread is done: States gzip 1-1
2023-03-05 17:52:25,390 INFO o.a.j.t.JMeterThread: Thread finished: States gzip 1-1
2023-03-05 17:52:25,391 INFO o.a.j.e.StandardJMeterEngine: Notifying test listeners of end of test
2023-03-05 17:52:25,391 INFO o.a.j.g.u.JMeterMenuBar: setRunning(false, *local*)
2023-03-05 17:54:08,648 INFO o.a.j.e.StandardJMeterEngine: Running the test!
2023-03-05 17:54:08,651 INFO o.a.j.s.SampleEvent: List of sample_variables: []
2023-03-05 17:54:08,661 INFO o.a.j.g.u.JMeterMenuBar: setRunning(true, *local*)
2023-03-05 17:54:08,809 INFO o.a.j.e.StandardJMeterEngine: Starting ThreadGroup: 1 : States def
2023-03-05 17:54:08,810 INFO o.a.j.e.StandardJMeterEngine: Starting 1 threads for group States def.
2023-03-05 17:54:08,810 INFO o.a.j.e.StandardJMeterEngine: Thread will continue on error
2023-03-05 17:54:08,810 INFO o.a.j.t.ThreadGroup: Starting thread group... number=1 threads=1 ramp-up=1 delayedStart=false
2023-03-05 17:54:08,810 INFO o.a.j.t.ThreadGroup: Started thread group number 1
2023-03-05 17:54:08,810 INFO o.a.j.e.StandardJMeterEngine: All thread groups have been started
2023-03-05 17:54:08,811 INFO o.a.j.t.JMeterThread: Thread started: States def 1-1
2023-03-05 17:54:40,847 INFO o.a.j.t.JMeterThread: Thread is done: States def 1-1
2023-03-05 17:54:40,848 INFO o.a.j.t.JMeterThread: Thread finished: States def 1-1
2023-03-05 17:54:40,851 INFO o.a.j.e.StandardJMeterEngine: Notifying test listeners of end of test
2023-03-05 17:54:40,851 INFO o.a.j.g.u.JMeterMenuBar: setRunning(false, *local*)
2023-03-05 17:57:04,805 INFO o.a.j.v.ViewResultsFullVisualizer: Add JavaFX to your Java installation if you want to use renderer: org.apache.jmeter.visualizers.RenderInBrowser
2023-03-05 17:58:45,311 INFO o.a.j.e.StandardJMeterEngine: Running the test!
2023-03-05 17:58:45,317 INFO o.a.j.s.SampleEvent: List of sample_variables: []
2023-03-05 17:58:45,328 INFO o.a.j.g.u.JMeterMenuBar: setRunning(true, *local*)
2023-03-05 17:58:45,462 INFO o.a.j.e.StandardJMeterEngine: Starting ThreadGroup: 1 : States proto
2023-03-05 17:58:45,462 INFO o.a.j.e.StandardJMeterEngine: Starting 1 threads for group States proto.
2023-03-05 17:58:45,463 INFO o.a.j.e.StandardJMeterEngine: Thread will continue on error
2023-03-05 17:58:45,463 INFO o.a.j.t.ThreadGroup: Starting thread group... number=1 threads=1 ramp-up=1 delayedStart=false
2023-03-05 17:58:45,463 INFO o.a.j.t.ThreadGroup: Started thread group number 1
2023-03-05 17:58:45,464 INFO o.a.j.e.StandardJMeterEngine: All thread groups have been started
2023-03-05 17:58:45,465 INFO o.a.j.t.JMeterThread: Thread started: States proto 1-1
2023-03-05 17:58:45,883 INFO o.a.j.t.JMeterThread: Thread is done: States proto 1-1
2023-03-05 17:58:45,883 INFO o.a.j.t.JMeterThread: Thread finished: States proto 1-1
2023-03-05 17:58:45,884 INFO o.a.j.e.StandardJMeterEngine: Notifying test listeners of end of test
2023-03-05 17:58:45,884 INFO o.a.j.g.u.JMeterMenuBar: setRunning(false, *local*)
2023-03-05 18:00:07,174 INFO o.a.j.e.StandardJMeterEngine: Running the test!
2023-03-05 18:00:07,181 INFO o.a.j.s.SampleEvent: List of sample_variables: []
2023-03-05 18:00:07,188 INFO o.a.j.g.u.JMeterMenuBar: setRunning(true, *local*)
2023-03-05 18:00:07,426 INFO o.a.j.e.StandardJMeterEngine: Starting ThreadGroup: 1 : States proto
2023-03-05 18:00:07,427 INFO o.a.j.e.StandardJMeterEngine: Starting 1 threads for group States proto.
2023-03-05 18:00:07,427 INFO o.a.j.e.StandardJMeterEngine: Thread will continue on error
2023-03-05 18:00:07,427 INFO o.a.j.t.ThreadGroup: Starting thread group... number=1 threads=1 ramp-up=1 delayedStart=false
2023-03-05 18:00:07,428 INFO o.a.j.t.ThreadGroup: Started thread group number 1
2023-03-05 18:00:07,428 INFO o.a.j.e.StandardJMeterEngine: All thread groups have been started
2023-03-05 18:00:07,429 INFO o.a.j.t.JMeterThread: Thread started: States proto 1-1
2023-03-05 18:00:31,200 INFO o.a.j.t.JMeterThread: Thread is done: States proto 1-1
2023-03-05 18:00:31,201 INFO o.a.j.t.JMeterThread: Thread finished: States proto 1-1
2023-03-05 18:00:31,201 INFO o.a.j.e.StandardJMeterEngine: Notifying test listeners of end of test
2023-03-05 18:00:31,202 INFO o.a.j.g.u.JMeterMenuBar: setRunning(false, *local*)
2023-03-05 18:00:42,967 INFO o.a.j.v.ViewResultsFullVisualizer: Add JavaFX to your Java installation if you want to use renderer: org.apache.jmeter.visualizers.RenderInBrowser
2023-03-05 18:03:02,776 INFO o.a.j.e.StandardJMeterEngine: Running the test!
2023-03-05 18:03:02,787 INFO o.a.j.s.SampleEvent: List of sample_variables: []
2023-03-05 18:03:02,801 INFO o.a.j.g.u.JMeterMenuBar: setRunning(true, *local*)
2023-03-05 18:03:02,998 INFO o.a.j.e.StandardJMeterEngine: Starting ThreadGroup: 1 : States gzip + proto
2023-03-05 18:03:02,998 INFO o.a.j.e.StandardJMeterEngine: Starting 1 threads for group States gzip + proto.
2023-03-05 18:03:02,998 INFO o.a.j.e.StandardJMeterEngine: Thread will continue on error
2023-03-05 18:03:02,999 INFO o.a.j.t.ThreadGroup: Starting thread group... number=1 threads=1 ramp-up=1 delayedStart=false
2023-03-05 18:03:03,000 INFO o.a.j.t.ThreadGroup: Started thread group number 1
2023-03-05 18:03:03,000 INFO o.a.j.e.StandardJMeterEngine: All thread groups have been started
2023-03-05 18:03:03,003 INFO o.a.j.t.JMeterThread: Thread started: States gzip + proto 1-1
2023-03-05 18:03:33,561 INFO o.a.j.t.JMeterThread: Thread is done: States gzip + proto 1-1
2023-03-05 18:03:33,562 INFO o.a.j.t.JMeterThread: Thread finished: States gzip + proto 1-1
2023-03-05 18:03:33,563 INFO o.a.j.e.StandardJMeterEngine: Notifying test listeners of end of test
2023-03-05 18:03:33,563 INFO o.a.j.g.u.JMeterMenuBar: setRunning(false, *local*)
